<?xml version="1.0" encoding="UTF-8"?>
<!-- Generated by org.testng.reporters.JUnitReportReporter -->
<testsuite hostname="LAPTOP-VLUEFNG4" failures="0" tests="1" name="Module1_Donor_Mgnt_Test.demo" time="9.929" errors="0" timestamp="2022-05-05T15:20:29 IST" skipped="0">
  <testcase classname="Module1_Donor_Mgnt_Test.demo" name="runtestcase" time="9.929"/>
  <system-out/>
</testsuite> <!-- Module1_Donor_Mgnt_Test.demo -->
